<?xml version="1.0" encoding="UTF-8"?>
<!-- Generated by org.testng.reporters.JUnitReportReporter -->
<testsuite hostname="DESKTOP-7EFDNHF" failures="0" tests="1" name="testngpkg.Copypaste" time="36.624" errors="0" timestamp="2024-02-21T10:09:46 IST" skipped="0">
  <testcase classname="testngpkg.Copypaste" name="copypaste" time="36.624"/>
  <system-out/>
</testsuite> <!-- testngpkg.Copypaste -->
