<?xml version="1.0" encoding="UTF-8"?>
<!-- Generated by org.testng.reporters.JUnitReportReporter -->
<testsuite hostname="DESKTOP-7EFDNHF" failures="0" tests="5" name="testngpkg.Grouping" time="0.471" errors="0" timestamp="2024-02-16T10:44:49 IST" skipped="0">
  <testcase classname="testngpkg.Grouping" name="titleverification" time="0.028"/>
  <system-out/>
  <testcase classname="testngpkg.Grouping" name="buttontextverification" time="0.082"/>
  <system-out/>
  <testcase classname="testngpkg.Grouping" name="labelverification" time="0.115"/>
  <system-out/>
  <testcase classname="testngpkg.Grouping" name="buttonverification" time="0.140"/>
  <system-out/>
  <testcase classname="testngpkg.Grouping" name="logodisplay" time="0.106"/>
  <system-out/>
</testsuite> <!-- testngpkg.Grouping -->
