<?xml version="1.0" encoding="UTF-8"?>
<!-- Generated by org.testng.reporters.JUnitReportReporter -->
<testsuite hostname="DESKTOP-7EFDNHF" failures="0" tests="1" name="testngpkg.Facebook_parameterization" time="1.428" errors="0" timestamp="2024-02-20T10:56:41 IST" skipped="0">
  <testcase classname="testngpkg.Facebook_parameterization" name="login" time="1.428"/>
  <system-out/>
</testsuite> <!-- testngpkg.Facebook_parameterization -->
