<?xml version="1.0" encoding="UTF-8"?>
<!-- Generated by org.testng.reporters.JUnitReportReporter -->
<testsuite hostname="DESKTOP-7EFDNHF" failures="0" tests="1" name="testngpkg.Parameterization" time="0.014" errors="0" timestamp="2024-02-20T09:55:19 IST" skipped="0">
  <testcase classname="testngpkg.Parameterization" name="test" time="0.014"/>
  <system-out/>
</testsuite> <!-- testngpkg.Parameterization -->
